#0 building with "default" instance using docker driver

#1 [internal] load build definition from Dockerfile_user
#1 transferring dockerfile: 416B done
#1 DONE 0.0s

#2 [internal] load metadata for docker.io/library/metastability_tools:base
#2 DONE 0.0s

#3 [internal] load .dockerignore
#3 transferring context: 2B done
#3 DONE 0.0s

#4 [1/5] FROM docker.io/library/metastability_tools:base
#4 DONE 0.1s

#5 [2/5] RUN localedef -f UTF-8 -i en_US en_US.UTF-8
#5 DONE 0.8s

#6 [3/5] RUN groupadd -g 1211 -o pmarlowe
#6 DONE 0.3s

#7 [4/5] RUN useradd -m -u 7566 -g 1211 -o -s /bin/bash pmarlowe
#7 DONE 0.4s

#8 [5/5] WORKDIR /home/pmarlowe
#8 DONE 0.0s

#9 exporting to image
#9 exporting layers 0.0s done
#9 writing image sha256:785beef06858f64e847fb0fea492e9f33cdff6d657488e857ebe2831783b798f done
#9 naming to docker.io/library/metastability_pmarlowe done
#9 DONE 0.0s
